{"level":"info","message":"Command loaded: /ath","service":"cointrendsbot","timestamp":"2025-01-07 17:34:42"}
{"level":"info","message":"Command loaded: /atl","service":"cointrendsbot","timestamp":"2025-01-07 17:34:42"}
{"level":"info","message":"Command loaded: /deletealert","service":"cointrendsbot","timestamp":"2025-01-07 17:34:42"}
{"level":"info","message":"Command loaded: /dex","service":"cointrendsbot","timestamp":"2025-01-07 17:34:42"}
{"level":"info","message":"Command loaded: /dom","service":"cointrendsbot","timestamp":"2025-01-07 17:34:42"}
{"level":"info","message":"Command loaded: /help","service":"cointrendsbot","timestamp":"2025-01-07 17:34:42"}
{"level":"info","message":"Command loaded: /kirby","service":"cointrendsbot","timestamp":"2025-01-07 17:34:42"}
{"level":"info","message":"Command loaded: /myalerts","service":"cointrendsbot","timestamp":"2025-01-07 17:34:42"}
{"level":"info","message":"Command loaded: /news","service":"cointrendsbot","timestamp":"2025-01-07 17:34:42"}
{"level":"info","message":"Command loaded: /nft","service":"cointrendsbot","timestamp":"2025-01-07 17:34:42"}
{"level":"info","message":"Command loaded: /poll","service":"cointrendsbot","timestamp":"2025-01-07 17:34:42"}
{"level":"info","message":"Command loaded: /price","service":"cointrendsbot","timestamp":"2025-01-07 17:34:42"}
{"level":"info","message":"Command loaded: /rates","service":"cointrendsbot","timestamp":"2025-01-07 17:34:42"}
{"level":"info","message":"Command loaded: /sentiment","service":"cointrendsbot","timestamp":"2025-01-07 17:34:42"}
{"level":"info","message":"Command loaded: /setalert","service":"cointrendsbot","timestamp":"2025-01-07 17:34:42"}
{"level":"info","message":"Command loaded: /start","service":"cointrendsbot","timestamp":"2025-01-07 17:34:42"}
{"level":"info","message":"Command loaded: /stock","service":"cointrendsbot","timestamp":"2025-01-07 17:34:42"}
{"level":"info","message":"Command loaded: /top","service":"cointrendsbot","timestamp":"2025-01-07 17:34:42"}
{"level":"info","message":"Fetching coin data from CoinGecko...","service":"cointrendsbot","timestamp":"2025-01-07 17:34:42"}
{"level":"info","message":"Successfully fetched and cached 16490 coins from CoinGecko.","service":"cointrendsbot","timestamp":"2025-01-07 17:34:42"}
{"level":"info","message":"Fixed ticker 'BTC' correctly maps to 'bitcoin'.","service":"cointrendsbot","timestamp":"2025-01-07 17:34:42"}
{"level":"info","message":"Fixed ticker 'ETH' correctly maps to 'ethereum'.","service":"cointrendsbot","timestamp":"2025-01-07 17:34:42"}
{"level":"info","message":"Fixed ticker 'ADA' correctly maps to 'cardano'.","service":"cointrendsbot","timestamp":"2025-01-07 17:34:42"}
{"level":"info","message":"Fixed ticker 'XRP' correctly maps to 'ripple'.","service":"cointrendsbot","timestamp":"2025-01-07 17:34:42"}
{"level":"info","message":"Fixed ticker 'DOT' correctly maps to 'polkadot'.","service":"cointrendsbot","timestamp":"2025-01-07 17:34:42"}
{"level":"info","message":"Fixed ticker 'SOL' correctly maps to 'solana'.","service":"cointrendsbot","timestamp":"2025-01-07 17:34:42"}
{"level":"info","message":"Fixed ticker 'DOGE' correctly maps to 'dogecoin'.","service":"cointrendsbot","timestamp":"2025-01-07 17:34:42"}
{"level":"info","message":"Fixed ticker 'BNB' correctly maps to 'binancecoin'.","service":"cointrendsbot","timestamp":"2025-01-07 17:34:42"}
{"level":"info","message":"Fixed ticker 'KAS' correctly maps to 'kaspa'.","service":"cointrendsbot","timestamp":"2025-01-07 17:34:42"}
{"level":"info","message":"Coin data fetched and cached successfully.","service":"cointrendsbot","timestamp":"2025-01-07 17:34:42"}
{"level":"info","message":"Running scheduled task: checkAlerts","service":"cointrendsbot","timestamp":"2025-01-07 17:35:00"}
{"level":"warn","message":"Unknown command received: /c","service":"cointrendsbot","timestamp":"2025-01-07 17:35:18"}
{"level":"warn","message":"Unknown command received: /pbtc","service":"cointrendsbot","timestamp":"2025-01-07 17:35:25"}
{"level":"warn","message":"Unknown command received: /p","service":"cointrendsbot","timestamp":"2025-01-07 17:35:31"}
{"level":"info","message":"Received /price command with input: \"btc\" from chat ID: -1002291249716","service":"cointrendsbot","timestamp":"2025-01-07 17:35:34"}
